price.csv
[{:store {:name "BIGCO  STORE ", :num 3},
  :products
  ([:4092780654 (40.12 51.59)]
   [:7780854831 (67.79 90.26)]
   [:5157226892 (170.6)]
   [:4651861144 (104.36)]
   [:3511092833 (120.25)]
   [:3290495913 (55.97 26.88)]
   [:2925648759 (40.25)]
   [:4048067021 (186.58)]
   [:8649139606 (222.99)]
   [:1520674066 (66.65 174.73 232.26)]
   [:1592226422 (98.88 98.88)]
   [:9650481305 (195.44)]
   [:7527488795 (92.56)]
   [:7975490736 (212.18)]
   [:6386159067 (141.23)]
   [:2029075259 (121.08)]
   [:0879898868 (116.19)]
   [:2165001760 (32.65)]
   [:4758647605 (283.91)]
   [:5449673245 (138.13)]
   [:8773879330 (28.17)]
   [:5618395633 (136.26)]),
  :total 2777.08}
 {:store {:name "BIGCO  STORE ", :num 2},
  :products
  ([:4092780654 (31.81)]
   [:7780854831 (33.75)]
   [:5157226892 (35.47)]
   [:5319961973 (38.34)]
   [:8465249771 (117.34)]
   [:3511092833 (58.9)]
   [:3290495913 (95.12 55.97)]
   [:2925648759 (2.27 40.25)]
   [:8649139606 (196.66)]
   [:5329799687 (45.34 33.72)]
   [:1604898223 (180.31)]
   [:1592226422 (173.93)]
   [:6784960106 (115.7)]
   [:7975490736 (140.92)]
   [:8967247676 (20.72)]
   [:6386159067 (141.23)]
   [:2581192686 (145.77)]
   [:5460609671 (3.85)]
   [:2029075259 (169.05)]
   [:0879898868 (116.19)]
   [:7822362934 (28.65)]
   [:4758647605 (150.36)]
   [:7355990982 (13.03 11.37)]
   [:7268888904 (334.51)]
   [:1194607021 (162.93)]
   [:5618395633 (99.38 99.38 148.91 99.38 99.38)]
   [:2807441633 (138.15 103.24)]
   [:5201758600 (196.78 371.97 91.63)]),
  :total 2993.28}
 {:store {:name "BIGCO  STORE ", :num 1},
  :products
  ([:5618395633 (169.17)]
   [:3511092833 (87.58 145.52)]
   [:8465249771 (117.34)]
   [:5460609671 (3.85)]
   [:8773879330 (28.17)]
   [:2807441633 (15.99)]
   [:9403532141 (93.28)]
   [:6784960106 (234.87)]),
  :total 746.4}
 {:store {:name "BIGCO  STORE ", :num 1},
  :products
  ([:5319961973 (55.44 107.91)]
   [:8465249771 (117.34 187.5)]
   [:3511092833 (31.88)]
   [:2925648759 (40.25)]
   [:4048067021 (199.61)]
   [:6251842446 (87.93 87.93)]
   [:8649139606 (196.66)]
   [:9328241683 (48.02)]
   [:1592226422 (98.88)]
   [:7527488795 (10.99)]
   [:6784960106 (216.22)]
   [:5460609671 (3.85)]
   [:7822362934 (28.65)]
   [:4716802302 (158.28)]
   [:4758647605 (150.36 206.75)]
   [:7268888904 (199.32)]
   [:5618395633 (99.38)]),
  :total 1929.2}
 {:store {:name "BIGCO  STORE ", :num 4},
  :products
  ([:7780854831 (101.85)]
   [:1520674066 (43.56)]
   [:1604898223 (334.4)]
   [:6784960106 (157.29)]
   [:6386159067 (7.55)]
   [:2029075259 (184.28)]
   [:7822362934 (28.65)]
   [:2165001760 (173.69 173.69)]
   [:7355990982 (11.37 19.25 11.37)]),
  :total 905.38}
 {:store {:name "BIGCO  STORE ", :num 4},
  :products
  ([:4092780654 (8.21)]
   [:7780854831 (73.56)]
   [:5157226892 (316.5)]
   [:5319961973 (55.44)]
   [:3511092833 (107.55 42.03 87.58)]
   [:4048067021 (157.29)]
   [:6251842446 (87.93 87.93)]
   [:5329799687 (33.72 33.72)]
   [:1520674066 (313.72)]
   [:1592226422 (98.88 98.88 152.07)]
   [:8613530819 (26.47)]
   [:9650481305 (90.55 342.81)]
   [:7527488795 (177.53)]
   [:6784960106 (301.17 271.09)]
   [:6386159067 (141.23 141.23)]
   [:5460609671 (3.85)]
   [:2029075259 (169.05)]
   [:7822362934 (34.65 55.11)]
   [:2165001760 (56.82)]
   [:4716802302 (123.87 123.87)]
   [:4758647605 (150.36 150.36)]
   [:5449673245 (242.13)]
   [:8773879330 (32.13)]
   [:7268888904 (199.32 199.32 398.58)]
   [:1194607021 (162.93)]
   [:5201758600 (196.78)]),
  :total 4163.36}
 {:store {:name "BIGCO  STORE ", :num 3},
  :products
  ([:7780854831 (67.79 67.79 67.79)]
   [:5319961973 (56.78)]
   [:8465249771 (117.34)]
   [:4651861144 (104.57 104.36)]
   [:3511092833 (45.32)]
   [:3290495913 (35.42 25.8)]
   [:9403532141 (103.21)]
   [:4048067021 (157.29)]
   [:8649139606 (196.66 196.66)]
   [:5329799687 (33.72)]
   [:1520674066 (174.73 316.45)]
   [:9328241683 (158.47 158.47 112.1)]
   [:1592226422 (98.88 69.87)]
   [:9650481305 (195.44)]
   [:7527488795 (66.0 92.56)]
   [:6784960106 (203.42)]
   [:6386159067 (141.23)]
   [:5460609671 (6.55)]
   [:2029075259 (167.04 169.05)]
   [:0879898868 (116.19 218.67 116.19 6.59)]
   [:7822362934 (28.65)]
   [:2165001760 (279.83)]
   [:4758647605 (150.36 150.36 150.36)]
   [:5449673245 (265.74)]
   [:8773879330 (28.17)]
   [:7268888904 (174.35)]
   [:1194607021 (278.37 18.78)]
   [:5618395633 (160.41)]
   [:2807441633 (70.19 103.24)]),
  :total 3741.2}
 {:store {:name "BIGCO  STORE ", :num 2},
  :products ([:8465249771 (117.34)] [:9403532141 (84.91)]),
  :total 202.25}
 {:store {:name "BIGCO  STORE ", :num 5},
  :products
  ([:4092780654 (20.16 69.38)]
   [:5157226892 (170.6)]
   [:5319961973 (55.44)]
   [:3511092833 (87.58)]
   [:3290495913 (80.52)]
   [:9403532141 (84.91)]
   [:2925648759 (52.36)]
   [:5329799687 (33.72)]
   [:1520674066 (193.75)]
   [:9328241683 (76.02)]
   [:1604898223 (164.42)]
   [:1592226422 (98.88 98.88)]
   [:8613530819 (21.68 21.68)]
   [:9650481305 (195.44)]
   [:7975490736 (144.91)]
   [:8967247676 (15.84)]
   [:5460609671 (3.85 3.85 3.85 3.85)]
   [:0879898868 (24.79)]
   [:2165001760 (173.69)]
   [:4758647605 (133.93)]
   [:5449673245 (138.13)]
   [:7268888904 (11.62 246.04 233.22)]
   [:1194607021 (162.93)]
   [:2807441633 (3.13)]
   [:5201758600 (386.87)]),
  :total 2861.25}
 {:store {:name "BIGCO  STORE ", :num 2},
  :products
  ([:7780854831 (43.4)]
   [:4651861144 (104.36)]
   [:3511092833 (13.1)]
   [:3290495913 (69.67)]
   [:5329799687 (1.49)]
   [:9328241683 (269.61 158.47)]
   [:8613530819 (21.68)]
   [:6784960106 (182.46)]
   [:2581192686 (123.58)]
   [:7822362934 (43.65)]
   [:2807441633 (103.24)]),
  :total 907.36}
 {:store {:name "BIGCO  STORE ", :num 4},
  :products ([:2165001760 (71.98)]),
  :total 71.98}
 {:store {:name "BIGCO  STORE ", :num 5},
  :products
  ([:5618395633 (126.07)]
   [:1520674066 (193.82)]
   [:9650481305 (195.44)]
   [:5201758600 (196.78)]
   [:5460609671 (3.85)]),
  :total 390.6}
 {:store nil, :products (), :total nil}
 {:store {:name "BIGCO  STORE ", :num 3},
  :products
  ([:4092780654 (40.12)]
   [:7780854831 (98.28)]
   [:5157226892 (170.6 127.18)]
   [:4651861144 (192.55)]
   [:3511092833 (122.22)]
   [:9403532141 (84.91)]
   [:4048067021 (65.79 43.13)]
   [:8649139606 (41.06 376.35 196.66)]
   [:1604898223 (280.91)]
   [:8613530819 (28.33)]
   [:9650481305 (195.44 258.26)]
   [:7527488795 (92.56 88.93)]
   [:7975490736 (144.91)]
   [:2581192686 (145.77 145.77 152.96)]
   [:5460609671 (0.44 3.85)]
   [:2029075259 (278.33)]
   [:0879898868 (127.41 116.19)]
   [:2165001760 (201.42)]
   [:4716802302 (123.86 205.51 123.87 123.87 123.87)]
   [:4758647605 (261.75)]
   [:5449673245 (138.13 29.3)]
   [:8773879330 (28.17)]
   [:7355990982 (7.45)]
   [:7268888904 (108.72 199.32 6.87)]
   [:2807441633 (103.24)]
   [:5201758600 (115.53)]),
  :total 4963.49}
 {:store {:name "BIGCO  STORE ", :num 2},
  :products
  ([:7780854831 (67.79 49.82)]
   [:5157226892 (77.5 170.6)]
   [:8465249771 (117.34 181.85 117.34)]
   [:3511092833 (87.58)]
   [:3290495913 (55.97)]
   [:9403532141 (84.91 12.58)]
   [:4048067021 (157.29)]
   [:6251842446 (77.07)]
   [:8649139606 (38.35)]
   [:1592226422 (125.98)]
   [:8613530819 (30.12)]
   [:9650481305 (195.44)]
   [:6784960106 (294.0 157.29)]
   [:8967247676 (22.89)]
   [:6386159067 (141.23 230.45)]
   [:2581192686 (10.99 145.77)]
   [:5460609671 (7.43)]
   [:2029075259 (169.05 169.05)]
   [:0879898868 (116.19)]
   [:7822362934 (28.65)]
   [:2165001760 (173.69)]
   [:4758647605 (167.08 150.36)]
   [:5449673245 (138.13)]
   [:7268888904 (199.32)]
   [:5618395633 (99.38)]
   [:2807441633 (2.07 103.24)]
   [:5201758600 (123.61 302.02)]),
  :total 3504.13}
 {:store {:name "BIGCO  STORE ", :num 1},
  :products
  ([:7780854831 (67.79)]
   [:5157226892 (170.6 170.6)]
   [:4048067021 (241.7 106.51)]
   [:5329799687 (19.23)]
   [:1520674066 (174.73 116.5 45.48)]
   [:9328241683 (158.47 158.47 147.76)]
   [:1604898223 (235.42)]
   [:8613530819 (39.49)]
   [:9650481305 (290.37)]
   [:7527488795 (169.97)]
   [:6784960106 (17.79 157.29 157.29)]
   [:7975490736 (20.66)]
   [:8967247676 (29.95)]
   [:6386159067 (141.23)]
   [:2581192686 (145.77)]
   [:5460609671 (6.38 4.08)]
   [:2029075259 (169.05 247.26 33.23)]
   [:7822362934 (10.31 28.65)]
   [:2165001760 (56.01)]
   [:8773879330 (28.17)]
   [:7355990982 (18.27 11.37 19.24)]
   [:7268888904 (121.49)]
   [:1194607021 (162.93)]),
  :total 2922.03}
 {:store {:name "BIGCO  STORE ", :num 2},
  :products
  ([:7780854831 (67.79 40.33)]
   [:8465249771 (36.54)]
   [:3511092833 (64.79)]
   [:3290495913 (101.74 55.97)]
   [:2925648759 (39.76)]
   [:4048067021 (68.46)]
   [:8649139606 (239.66 196.66 146.85)]
   [:1520674066 (228.77)]
   [:9328241683 (108.59)]
   [:8613530819 (30.0)]
   [:9650481305 (87.26)]
   [:7527488795 (92.56 92.56)]
   [:6784960106 (157.29)]
   [:7975490736 (144.91)]
   [:6386159067 (141.23)]
   [:2581192686 (145.77)]
   [:5460609671 (3.85 3.85)]
   [:2029075259 (85.41 169.05)]
   [:0879898868 (116.19 116.19 69.9 116.19 68.26 144.09)]
   [:7822362934 (28.65 28.65)]
   [:5449673245 (138.13)]
   [:8773879330 (3.66)]
   [:7355990982 (11.37)]
   [:7268888904 (193.07 199.32)]
   [:1194607021 (162.93)]
   [:5201758600 (100.6 94.55 134.19)]),
  :total 3443.16}]
